<?xml version="1.0" encoding="UTF-8"?>
<testsuite xmlns:xsi="http://www.w3.org/2001/XMLSchema-instance" xsi:noNamespaceSchemaLocation="https://maven.apache.org/surefire/maven-surefire-plugin/xsd/surefire-test-report-3.0.xsd" version="3.0" name="sandra.GreetingTest" time="6.182" tests="4" errors="0" skipped="0" failures="0">
  <properties>
[...]
</properties>
  <testcase name="testFunqy" classname="sandra.GreetingTest" time="1.009">
    <system-out><![CDATA[2021-03-11 13:26:47,888 INFO  [io.quarkus] (main) Quarkus 1.12.1.Final on JVM started in 1.738s. Listening on: http://localhost:8081
2021-03-11 13:26:47,889 INFO  [io.quarkus] (main) Profile test activated. 
2021-03-11 13:26:47,889 INFO  [io.quarkus] (main) Installed features: [cdi, funqy-http, mutiny, resteasy, servlet, smallrye-context-propagation, vertx, vertx-web]
]]></system-out>
  </testcase>
  <testcase name="testJaxrs" classname="sandra.GreetingTest" time="0.072"/>
  <testcase name="testVertx" classname="sandra.GreetingTest" time="0.015"/>
  <testcase name="testServlet" classname="sandra.GreetingTest" time="0.017"/>
</testsuite>